2025-03-08 17:16:15,943 - root - INFO - Running all mutations grouped by test coverage...
2025-03-08 17:16:15,943 - __main__ - INFO - Running all mutations for project: ../../../deepdiff
2025-03-08 17:16:15,943 - __main__ - INFO - Working directory: ../../../deepdiff_pypseudo_work
2025-03-08 17:16:15,945 - __main__ - INFO - Found 271 mutants in the instrumented code
2025-03-08 17:16:15,945 - __main__ - INFO - Running baseline test without mutations
2025-03-08 17:16:21,897 - __main__ - INFO - Baseline test completed with 4 passed tests
2025-03-08 17:16:21,897 - __main__ - INFO - Testing mutant xmt_create_32
2025-03-08 17:16:21,898 - __main__ - INFO - Running tests with mutant xmt_create_32
2025-03-08 17:16:48,179 - __main__ - INFO - Testing mutant xmt_get_truncate_datetime_29
2025-03-08 17:16:48,181 - __main__ - INFO - Running tests with mutant xmt_get_truncate_datetime_29
2025-03-08 17:16:54,501 - __main__ - INFO - Testing mutant xmt__do_set_item_added_29
2025-03-08 17:16:54,503 - __main__ - INFO - Running tests with mutant xmt__do_set_item_added_29
2025-03-08 17:17:00,733 - __main__ - INFO - Testing mutant xmt_get_root_key_27
2025-03-08 17:17:00,733 - __main__ - INFO - Running tests with mutant xmt_get_root_key_27
2025-03-08 17:17:07,101 - __main__ - INFO - Testing mutant xmt__eval_datetime_23
2025-03-08 17:17:07,102 - __main__ - INFO - Running tests with mutant xmt__eval_datetime_23
2025-03-08 17:17:13,196 - __main__ - INFO - Testing mutant xmt__from_tree_set_item_removed_12
2025-03-08 17:17:13,197 - __main__ - INFO - Running tests with mutant xmt__from_tree_set_item_removed_12
2025-03-08 17:17:19,321 - __main__ - INFO - Testing mutant xmt_values_10
2025-03-08 17:17:19,322 - __main__ - INFO - Running tests with mutant xmt_values_10
2025-03-08 17:17:25,487 - __main__ - INFO - Testing mutant xmt_repetition_22
2025-03-08 17:17:25,487 - __main__ - INFO - Running tests with mutant xmt_repetition_22
2025-03-08 17:17:31,499 - __main__ - INFO - Testing mutant xmt__save_content_16
2025-03-08 17:17:31,500 - __main__ - INFO - Running tests with mutant xmt__save_content_16
2025-03-08 17:17:37,656 - __main__ - INFO - Testing mutant xmt_branch_deeper_30
2025-03-08 17:17:37,657 - __main__ - INFO - Running tests with mutant xmt_branch_deeper_30
2025-03-08 17:18:02,279 - __main__ - INFO - Testing mutant xmt_get_type_9
2025-03-08 17:18:02,280 - __main__ - INFO - Running tests with mutant xmt_get_type_9
2025-03-08 17:18:10,382 - __main__ - INFO - Testing mutant xmt__from_tree_iterable_item_added_or_removed_17
2025-03-08 17:18:10,383 - __main__ - INFO - Running tests with mutant xmt__from_tree_iterable_item_added_or_removed_17
2025-03-08 17:18:16,912 - __main__ - INFO - Testing mutant xmt__set_new_value_8
2025-03-08 17:18:16,912 - __main__ - INFO - Running tests with mutant xmt__set_new_value_8
2025-03-08 17:18:24,677 - __main__ - INFO - Testing mutant xmt_prepare_string_for_hashing_4
2025-03-08 17:18:24,679 - __main__ - INFO - Running tests with mutant xmt_prepare_string_for_hashing_4
2025-03-08 17:18:33,654 - __main__ - INFO - Testing mutant xmt__do_iterable_item_removed_26
2025-03-08 17:18:33,656 - __main__ - INFO - Running tests with mutant xmt__do_iterable_item_removed_26
2025-03-08 17:18:40,112 - __main__ - INFO - Testing mutant xmt__format_result_26
2025-03-08 17:18:40,112 - __main__ - INFO - Running tests with mutant xmt__format_result_26
2025-03-08 17:18:52,164 - __main__ - INFO - Testing mutant xmt__diff_tuple_24
2025-03-08 17:18:52,165 - __main__ - INFO - Running tests with mutant xmt__diff_tuple_24
2025-03-08 17:18:58,538 - __main__ - INFO - Testing mutant xmt__get_objects_to_hashes_dict_8
2025-03-08 17:18:58,539 - __main__ - INFO - Running tests with mutant xmt__get_objects_to_hashes_dict_8
2025-03-08 17:19:04,818 - __main__ - INFO - Testing mutant xmt__convertor_19
2025-03-08 17:19:04,818 - __main__ - INFO - Running tests with mutant xmt__convertor_19
2025-03-08 17:19:10,980 - __main__ - INFO - Testing mutant xmt_numpy_dtype_string_to_type_10
2025-03-08 17:19:10,981 - __main__ - INFO - Running tests with mutant xmt_numpy_dtype_string_to_type_10
2025-03-08 17:19:17,026 - __main__ - INFO - Testing mutant xmt__from_tree_repetition_change_20
2025-03-08 17:19:17,026 - __main__ - INFO - Running tests with mutant xmt__from_tree_repetition_change_20
2025-03-08 17:19:23,251 - __main__ - INFO - Testing mutant xmt__do_attribute_removed_28
2025-03-08 17:19:23,252 - __main__ - INFO - Running tests with mutant xmt__do_attribute_removed_28
2025-03-08 17:19:29,373 - __main__ - INFO - Testing mutant xmt__get_duration_sec_18
2025-03-08 17:19:29,374 - __main__ - INFO - Running tests with mutant xmt__get_duration_sec_18
2025-03-08 17:19:35,636 - __main__ - INFO - Testing mutant xmt__from_tree_set_item_added_or_removed_10
2025-03-08 17:19:35,636 - __main__ - INFO - Running tests with mutant xmt__from_tree_set_item_added_or_removed_10
2025-03-08 17:19:42,001 - __main__ - INFO - Testing mutant xmt__skip_this_key_11
2025-03-08 17:19:42,001 - __main__ - INFO - Running tests with mutant xmt__skip_this_key_11
2025-03-08 17:19:48,085 - __main__ - INFO - Testing mutant xmt_stop_21
2025-03-08 17:19:48,086 - __main__ - INFO - Running tests with mutant xmt_stop_21
